build/app/outputs/mapping/release/seeds.txt
com.example.instaclone.MainActivity
com.example.instaclone.MainActivity: MainActivity()
...
androidx.test.annotation.UiThreadTest
io.flutter.plugin.editing.ImeSyncDeferringInsetsCallback
io.flutter.embedding.engine.plugins.lifecycle.HiddenLifecycleReference: androidx.lifecycle.Lifecycle lifecycle
io.flutter.plugin.editing.ImeSyncDeferringInsetsCallback: void remove()
io.flutter.embedding.engine.systemchannels.PlatformChannel$ClipboardContentFormat: io.flutter.embedding.engine.systemchannels.PlatformChannel$ClipboardContentFormat valueOf(java.lang.String)
androidx.lifecycle.Lifecycle$Event: androidx.lifecycle.Lifecycle$Event ON_PAUSE
io.flutter.plugin.platform.SingleViewPresentation: io.flutter.plugin.platform.SingleViewPresentation$PresentationState detachState()
io.flutter.embedding.engine.FlutterJNI: void nativeMarkTextureFrameAvailable(long,long)
io.flutter.embedding.engine.FlutterOverlaySurface: int getId()
io.flutter.embedding.engine.FlutterJNI: void markTextureFrameAvailable(long)
io.flutter.embedding.engine.FlutterJNI: void loadDartDeferredLibrary(int,java.lang.String[])
androidx.fragment.app.Fragment$2
org.xmlpull.v1.XmlPullParser: java.lang.String FEATURE_PROCESS_DOCDECL
io.flutter.view.AccessibilityViewEmbedder: android.view.accessibility.AccessibilityNodeInfo createAccessibilityNodeInfo(int)
io.flutter.embedding.engine.FlutterJNI: void registerTexture(long,io.flutter.embedding.engine.renderer.SurfaceTextureWrapper)
io.flutter.embedding.engine.FlutterJNI: void notifyLowMemoryWarning()
io.flutter.embedding.engine.FlutterJNI: void nativeDispatchEmptyPlatformMessage(long,java.lang.String,int)
io.flutter.embedding.engine.FlutterJNI: io.flutter.embedding.engine.FlutterOverlaySurface createOverlaySurface()
io.flutter.embedding.android.FlutterSplashView$SavedState: android.os.Bundle splashScreenState
io.flutter.view.AccessibilityBridge$Action: io.flutter.view.AccessibilityBridge$Action[] values()
io.flutter.plugin.editing.TextInputPlugin$InputTarget$Type: io.flutter.plugin.editing.TextInputPlugin$InputTarget$Type valueOf(java.lang.String)
org.xmlpull.v1.XmlPullParser: int getDepth()
io.flutter.plugin.editing.ImeSyncDeferringInsetsCallback: android.view.View view
io.flutter.embedding.engine.renderer.SurfaceTextureWrapper: void updateTexImage()
io.flutter.plugin.platform.SingleViewPresentation: io.flutter.plugin.platform.PlatformView getView()
io.flutter.embedding.engine.renderer.SurfaceTextureWrapper: void getTransformMatrix(float[])
org.xmlpull.v1.XmlPullParser: java.lang.String getNamespace(java.lang.String)
com.google.common.util.concurrent.AbstractFuture: com.google.common.util.concurrent.AbstractFuture$Waiter waiters
io.flutter.embedding.engine.FlutterJNI: java.lang.Long nativePlatformViewId
io.flutter.embedding.engine.mutatorsstack.FlutterMutatorsStack: java.util.List finalClippingPaths
io.flutter.embedding.android.FlutterImageView: android.view.Surface getSurface()
io.flutter.embedding.engine.FlutterJNI: void asyncWaitForVsync(long)
org.xmlpull.v1.XmlPullParser: java.lang.String getAttributePrefix(int)
org.xmlpull.v1.XmlPullParser: int COMMENT
io.flutter.embedding.engine.systemchannels.PlatformChannel$DeviceOrientation: io.flutter.embedding.engine.systemchannels.PlatformChannel$DeviceOrientation[] values()
io.flutter.embedding.engine.FlutterJNI: void init(android.content.Context,java.lang.String[],java.lang.String,java.lang.String,java.lang.String,long)
io.flutter.embedding.engine.plugins.lifecycle.HiddenLifecycleReference: androidx.lifecycle.Lifecycle getLifecycle()
androidx.versionedparcelable.CustomVersionedParcelable
androidx.lifecycle.Lifecycle$Event: androidx.lifecycle.Lifecycle$Event ON_RESUME
io.flutter.plugin.editing.ImeSyncDeferringInsetsCallback: boolean access$300(io.flutter.plugin.editing.ImeSyncDeferringInsetsCallback)
io.flutter.embedding.engine.systemchannels.PlatformChannel$DeviceOrientation: io.flutter.embedding.engine.systemchannels.PlatformChannel$DeviceOrientation valueOf(java.lang.String)
androidx.activity.ImmLeaksCleaner