build/app/outputs/mapping/release/mapping.txt
# compiler: R8
# compiler_version: 2.1.62
# min_api: 16
# pg_map_id: 25c5b17
# common_typos_disable
...
io.flutter.embedding.android.FlutterView$FlutterEngineAttachmentListener -> io.flutter.embedding.android.k$d:
    void onFlutterEngineAttachedToFlutterView(io.flutter.embedding.engine.FlutterEngine) -> a
    void onFlutterEngineDetachedFromFlutterView() -> b
io.flutter.embedding.android.FlutterView$ZeroSides -> io.flutter.embedding.android.k$e:
    io.flutter.embedding.android.FlutterView$ZeroSides NONE -> a
    io.flutter.embedding.android.FlutterView$ZeroSides[] $VALUES -> e
    io.flutter.embedding.android.FlutterView$ZeroSides BOTH -> d
    io.flutter.embedding.android.FlutterView$ZeroSides RIGHT -> c
    io.flutter.embedding.android.FlutterView$ZeroSides LEFT -> b
io.flutter.embedding.android.MotionEventTracker -> io.flutter.embedding.android.l:
    java.util.PriorityQueue unusedEvents -> b
    android.util.LongSparseArray eventById -> a
    io.flutter.embedding.android.MotionEventTracker INSTANCE -> c
    io.flutter.embedding.android.MotionEventTracker getInstance() -> a
    android.view.MotionEvent pop(io.flutter.embedding.android.MotionEventTracker$MotionEventId) -> b
    io.flutter.embedding.android.MotionEventTracker$MotionEventId track(android.view.MotionEvent) -> c
io.flutter.embedding.android.MotionEventTracker$MotionEventId -> io.flutter.embedding.android.l$a:
    java.util.concurrent.atomic.AtomicLong ID_COUNTER -> b
    long id -> a
    long access$000(io.flutter.embedding.android.MotionEventTracker$MotionEventId) -> a
    io.flutter.embedding.android.MotionEventTracker$MotionEventId createUnique() -> b
    io.flutter.embedding.android.MotionEventTracker$MotionEventId from(long) -> c
    long getId() -> d
io.flutter.embedding.android.RenderMode -> io.flutter.embedding.android.m:
    io.flutter.embedding.android.RenderMode texture -> b
    io.flutter.embedding.android.RenderMode image -> c
    io.flutter.embedding.android.RenderMode[] $VALUES -> d
    io.flutter.embedding.android.RenderMode surface -> a
io.flutter.embedding.android.SplashScreen -> io.flutter.embedding.android.o:
    void transitionToFlutter(java.lang.Runnable) -> a
    boolean doesSplashViewRememberItsTransition() -> b
    android.view.View createSplashView(android.content.Context,android.os.Bundle) -> c
    android.os.Bundle saveSplashScreenState() -> d
io.flutter.embedding.android.SplashScreen$-CC -> io.flutter.embedding.android.n:
    boolean io.flutter.embedding.android.SplashScreen.doesSplashViewRememberItsTransition() -> a
    android.os.Bundle io.flutter.embedding.android.SplashScreen.saveSplashScreenState() -> b
io.flutter.embedding.android.TransparencyMode -> io.flutter.embedding.android.p:
    io.flutter.embedding.android.TransparencyMode[] $VALUES -> c
    io.flutter.embedding.android.TransparencyMode transparent -> b
    io.flutter.embedding.android.TransparencyMode opaque -> a