build/app/outputs/mapping/release/usage.txt
com.example.instaclone.R$string
com.example.instaclone.R$mipmap
com.example.instaclone.R
com.example.instaclone.R$drawable
com.example.instaclone.R$attr
com.example.instaclone.BuildConfig
com.example.instaclone.R$styleable
com.example.instaclone.R$color
com.example.instaclone.R$layout
com.example.instaclone.R$integer
com.example.instaclone.R$dimen
com.example.instaclone.R$style
com.example.instaclone.R$id
...
kotlin.Triple
com.google.common.collect.Sets$FilteredNavigableSet
org.hamcrest.beans.HasProperty
com.google.common.cache.LocalCache$WeakWriteEntry
kotlin.collections.AbstractList
junit.runner.Version
io.flutter.embedding.android.FlutterFragment$NewEngineFragmentBuilder
io.flutter.plugin.common.PluginRegistry$PluginRegistrantCallback
com.google.common.collect.TreeRangeSet$1
androidx.test.espresso.core.internal.deps.guava.collect.TransformedIterator
kotlin.collections.AbstractMutableSet
androidx.core.view.accessibility.AccessibilityNodeInfoCompat$CollectionInfoCompat
com.google.common.util.concurrent.CycleDetectingLockFactory$LockGraphNode
org.jetbrains.annotations.Nls
com.google.common.primitives.UnsignedInteger
com.google.common.cache.LongAddables
androidx.test.runner.intercepting.InterceptingActivityFactory
androidx.test.espresso.matcher.ViewMatchers$WithCheckBoxStateMatcher
com.google.common.base.MoreObjects$ToStringHelper
androidx.test.espresso.core.internal.deps.guava.cache.LocalCache$WriteQueue
com.google.common.collect.FilteredKeyListMultimap
com.google.common.hash.HashCode$LongHashCode
androidx.test.espresso.action.AdapterDataLoaderAction
com.google.common.collect.Sets$3
org.hamcrest.xml.HasXPath$1
com.google.common.cache.LocalCache$WriteQueue
androidx.core.widget.AutoScrollHelper$ClampedScroller
com.google.common.util.concurrent.AbstractScheduledService$ServiceDelegate$2
androidx.test.internal.runner.RunnerArgs$1
com.google.common.collect.TransformedIterator
com.google.common.collect.AbstractNavigableMap$1
kotlin.jvm.internal.MutablePropertyReference1Impl
kotlin.sequences.SequencesKt___SequencesKt$minus$2$iterator$1
com.google.thirdparty.publicsuffix.PublicSuffixPatterns
com.google.common.hash.LittleEndianByteArray$JavaLittleEndianBytes
kotlin.io.FilesKt__FileReadWriteKt$readLines$1
com.google.common.collect.Iterators$ArrayItr
androidx.core.view.ActionProvider
androidx.test.espresso.base.LooperIdlingResourceInterrogationHandler$1
com.google.common.eventbus.Subscriber$SynchronizedSubscriber
com.google.common.collect.AbstractSequentialIterator
io.flutter.plugin.common.PluginRegistry$ViewDestroyListener
com.google.common.primitives.Primitives
androidx.test.internal.runner.filters.TestsRegExFilter
kotlin.annotation.Retention
androidx.test.internal.runner.TestRequestBuilder$AnnotationExclusionFilter
androidx.test.espresso.action.MotionEvents$DownResultHolder
androidx.test.espresso.action.AdapterViewProtocol$AdaptedData$Builder
com.google.common.primitives.ImmutableDoubleArray$1
kotlin.reflect.KProperty
com.google.common.collect.TreeMultiset
com.google.common.collect.StandardRowSortedTable
kotlin.text.CharCategory$Companion$categoryMap$2
org.junit.runners.model.FrameworkMethod
org.junit.experimental.max.MaxHistory$1
com.google.common.base.Platform$JdkPatternCompiler
androidx.test.espresso.core.internal.deps.guava.cache.LocalCache$StrongAccessWriteEntry
org.intellij.lang.annotations.RegExp
kotlin.native.concurrent.ThreadLocal
androidx.versionedparcelable.R
kotlin.text.Regex
androidx.test.espresso.core.internal.deps.guava.cache.LocalCache$KeySet
androidx.core.app.NotificationManagerCompat
com.google.common.base.FunctionalEquivalence
androidx.core.app.RemoteInput$Source
kotlin.sequences.MergingSequence$iterator$1
org.junit.experimental.theories.internal.AllMembersSupplier$MethodParameterValue
androidx.core.app.NotificationManagerCompat$CancelTask
org.hamcrest.core.CombinableMatcher$CombinableBothMatcher
kotlin.jvm.internal.MutablePropertyReference1
androidx.collection.ArraySet
androidx.test.espresso.action.GeneralLocation$Position
com.google.common.collect.HashMultiset
androidx.test.espresso.UiController$$CC
com.google.common.reflect.TypeToken
androidx.core.os.OperationCanceledException
androidx.test.espresso.core.internal.deps.guava.collect.SingletonImmutableSet
com.google.common.hash.Striped64
com.google.common.eventbus.DeadEvent
androidx.test.espresso.core.internal.deps.guava.collect.Cut$AboveValue